0 info it worked if it ends with ok
1 verbose cli [ 'C:\\Program Files\\nodejs\\node.exe',
1 verbose cli   'C:\\Program Files\\nodejs\\node_modules\\npm\\bin\\npm-cli.js',
1 verbose cli   'run',
1 verbose cli   'package' ]
2 info using npm@3.10.9
3 info using node@v6.9.2
4 verbose run-script [ 'prepackage', 'package', 'postpackage' ]
5 info lifecycle tascmaster@1.0.0~prepackage: tascmaster@1.0.0
6 silly lifecycle tascmaster@1.0.0~prepackage: no script for prepackage, continuing
7 info lifecycle tascmaster@1.0.0~package: tascmaster@1.0.0
8 verbose lifecycle tascmaster@1.0.0~package: unsafe-perm in lifecycle true
9 verbose lifecycle tascmaster@1.0.0~package: PATH: C:\Program Files\nodejs\node_modules\npm\bin\node-gyp-bin;C:\Users\Pierre Tasci\Documents\projects\tascmaster\node_modules\.bin;C:\ProgramData\Oracle\Java\javapath;C:\WINDOWS\system32;C:\WINDOWS;C:\WINDOWS\System32\Wbem;C:\WINDOWS\System32\WindowsPowerShell\v1.0\;C:\Program Files (x86)\ATI Technologies\ATI.ACE\Core-Static;C:\Program Files (x86)\AMD\ATI.ACE\Core-Static;C:\Program Files\Git\cmd;C:\Program Files\Git\mingw64\bin;C:\Program Files\Git\usr\bin;C:\Program Files\nodejs\;C:\Users\Pierre Tasci\AppData\Local\Microsoft\WindowsApps;C:\Users\Pierre Tasci\AppData\Local\atom\bin;C:\Program Files (x86)\Microsoft VS Code\bin;C:\Users\Pierre Tasci\AppData\Roaming\npm
10 verbose lifecycle tascmaster@1.0.0~package: CWD: C:\Users\Pierre Tasci\Documents\projects\tascmaster
11 silly lifecycle tascmaster@1.0.0~package: Args: [ '/d /s /c',
11 silly lifecycle   'gulp package && electron-packager . --all --overwrite' ]
12 silly lifecycle tascmaster@1.0.0~package: Returned: code: 1  signal: null
13 info lifecycle tascmaster@1.0.0~package: Failed to exec package script
14 verbose stack Error: tascmaster@1.0.0 package: `gulp package && electron-packager . --all --overwrite`
14 verbose stack Exit status 1
14 verbose stack     at EventEmitter.<anonymous> (C:\Program Files\nodejs\node_modules\npm\lib\utils\lifecycle.js:255:16)
14 verbose stack     at emitTwo (events.js:106:13)
14 verbose stack     at EventEmitter.emit (events.js:191:7)
14 verbose stack     at ChildProcess.<anonymous> (C:\Program Files\nodejs\node_modules\npm\lib\utils\spawn.js:40:14)
14 verbose stack     at emitTwo (events.js:106:13)
14 verbose stack     at ChildProcess.emit (events.js:191:7)
14 verbose stack     at maybeClose (internal/child_process.js:877:16)
14 verbose stack     at Process.ChildProcess._handle.onexit (internal/child_process.js:226:5)
15 verbose pkgid tascmaster@1.0.0
16 verbose cwd C:\Users\Pierre Tasci\Documents\projects\tascmaster
17 error Windows_NT 10.0.14393
18 error argv "C:\\Program Files\\nodejs\\node.exe" "C:\\Program Files\\nodejs\\node_modules\\npm\\bin\\npm-cli.js" "run" "package"
19 error node v6.9.2
20 error npm  v3.10.9
21 error code ELIFECYCLE
22 error tascmaster@1.0.0 package: `gulp package && electron-packager . --all --overwrite`
22 error Exit status 1
23 error Failed at the tascmaster@1.0.0 package script 'gulp package && electron-packager . --all --overwrite'.
23 error Make sure you have the latest version of node.js and npm installed.
23 error If you do, this is most likely a problem with the tascmaster package,
23 error not with npm itself.
23 error Tell the author that this fails on your system:
23 error     gulp package && electron-packager . --all --overwrite
23 error You can get information on how to open an issue for this project with:
23 error     npm bugs tascmaster
23 error Or if that isn't available, you can get their info via:
23 error     npm owner ls tascmaster
23 error There is likely additional logging output above.
24 verbose exit [ 1, true ]
